This is pdfTeX, Version 3.14159265-2.6-1.40.16 (TeX Live 2015/Debian) (preloaded format=pdflatex 2020.1.2)  5 DEC 2020 17:40
entering extended mode
 restricted \write18 enabled.
 %&-line parsing enabled.
**helland.tex
(./helland.tex
LaTeX2e <2016/02/01>
Babel <3.9q> and hyphenation patterns for 3 language(s) loaded.
(./ws-mpla.cls
Document Class: ws-mpla 1994/07/13 v1.2u Standard LaTeX document class
\draftrule=\dimen102
\minute=\count79
\hour=\count80
\trimheight=\dimen103
\trimwidth=\dimen104
\typeheight=\dimen105
\typewidth=\dimen106
\tempdimen=\dimen107
\tablewidth=\dimen108
\normaltextheight=\dimen109
\tempbox=\box26
\tablewd=\dimen110
\trimheight=\dimen111
\trimwidth=\dimen112
\c@section=\count81
\c@subsection=\count82
\c@subsubsection=\count83
\c@paragraph=\count84
\c@subparagraph=\count85
\abovecaptionskip=\skip41
\belowcaptionskip=\skip42
\captionbox=\box27
\c@figure=\count86
\c@table=\count87
\c@lemma=\count88
\c@corollary=\count89
\c@proposition=\count90
\c@definition=\count91
\c@example=\count92
\c@remark=\count93
\c@question=\count94
\c@notation=\count95
\c@theorem=\count96
\c@corollary=\count97
\c@lemma=\count98
\c@proposition=\count99
\c@definition=\count100
\c@example=\count101
\c@remark=\count102
\c@notation=\count103
\c@step=\count104
\c@question=\count105
\bibindent=\dimen113
\c@appendix=\count106
(/usr/share/texlive/texmf-dist/tex/latex/amsfonts/amsfonts.sty
Package: amsfonts 2013/01/14 v3.01 Basic AMSFonts support
\@emptytoks=\toks14
\symAMSa=\mathgroup4
\symAMSb=\mathgroup5
LaTeX Font Info:    Overwriting math alphabet `\mathfrak' in version `bold'
(Font)                  U/euf/m/n --> U/euf/b/n on input line 106.
)
(/usr/share/texlive/texmf-dist/tex/latex/amsfonts/amssymb.sty
Package: amssymb 2013/01/14 v3.01 AMS font symbols
)
(/usr/share/texlive/texmf-dist/tex/latex/amsmath/amsmath.sty
Package: amsmath 2016/03/03 v2.15a AMS math features
\@mathmargin=\skip43

For additional information on amsmath, use the `?' option.
(/usr/share/texlive/texmf-dist/tex/latex/amsmath/amstext.sty
Package: amstext 2000/06/29 v2.01 AMS text

(/usr/share/texlive/texmf-dist/tex/latex/amsmath/amsgen.sty
File: amsgen.sty 1999/11/30 v2.0 generic functions
\@emptytoks=\toks15
\ex@=\dimen114
))
(/usr/share/texlive/texmf-dist/tex/latex/amsmath/amsbsy.sty
Package: amsbsy 1999/11/29 v1.2d Bold Symbols
\pmbraise@=\dimen115
)
(/usr/share/texlive/texmf-dist/tex/latex/amsmath/amsopn.sty
Package: amsopn 1999/12/14 v2.01 operator names
)
\inf@bad=\count107
LaTeX Info: Redefining \frac on input line 199.
\uproot@=\count108
\leftroot@=\count109
LaTeX Info: Redefining \overline on input line 297.
\classnum@=\count110
\DOTSCASE@=\count111
LaTeX Info: Redefining \ldots on input line 394.
LaTeX Info: Redefining \dots on input line 397.
LaTeX Info: Redefining \cdots on input line 518.
\Mathstrutbox@=\box28
\strutbox@=\box29
\big@size=\dimen116
LaTeX Font Info:    Redeclaring font encoding OML on input line 630.
LaTeX Font Info:    Redeclaring font encoding OMS on input line 631.
\macc@depth=\count112
\c@MaxMatrixCols=\count113
\dotsspace@=\muskip10
\c@parentequation=\count114
\dspbrk@lvl=\count115
\tag@help=\toks16
\row@=\count116
\column@=\count117
\maxfields@=\count118
\andhelp@=\toks17
\eqnshift@=\dimen117
\alignsep@=\dimen118
\tagshift@=\dimen119
\tagwidth@=\dimen120
\totwidth@=\dimen121
\lineht@=\dimen122
\@envbody=\toks18
\multlinegap=\skip44
\multlinetaggap=\skip45
\mathdisplay@stack=\toks19
LaTeX Info: Redefining \[ on input line 2735.
LaTeX Info: Redefining \] on input line 2736.
))
(/usr/share/texlive/texmf-dist/tex/latex/cite/cite.sty
LaTeX Info: Redefining \cite on input line 302.
LaTeX Info: Redefining \nocite on input line 332.
Package: cite 2015/02/27  v 5.5
LaTeX Info: Redefining \cite on input line 441.
)
(/usr/share/texlive/texmf-dist/tex/latex/graphics/graphicx.sty
Package: graphicx 2014/10/28 v1.0g Enhanced LaTeX Graphics (DPC,SPQR)

(/usr/share/texlive/texmf-dist/tex/latex/graphics/keyval.sty
Package: keyval 2014/10/28 v1.15 key=value parser (DPC)
\KV@toks@=\toks20
)
(/usr/share/texlive/texmf-dist/tex/latex/graphics/graphics.sty
Package: graphics 2016/01/03 v1.0q Standard LaTeX Graphics (DPC,SPQR)

(/usr/share/texlive/texmf-dist/tex/latex/graphics/trig.sty
Package: trig 2016/01/03 v1.10 sin cos tan (DPC)
)
(/usr/share/texlive/texmf-dist/tex/latex/latexconfig/graphics.cfg
File: graphics.cfg 2010/04/23 v1.9 graphics configuration of TeX Live
)
Package graphics Info: Driver file: pdftex.def on input line 95.

(/usr/share/texlive/texmf-dist/tex/latex/pdftex-def/pdftex.def
File: pdftex.def 2011/05/27 v0.06d Graphics/color for pdfTeX

(/usr/share/texlive/texmf-dist/tex/generic/oberdiek/infwarerr.sty
Package: infwarerr 2010/04/08 v1.3 Providing info/warning/error messages (HO)
)
(/usr/share/texlive/texmf-dist/tex/generic/oberdiek/ltxcmds.sty
Package: ltxcmds 2011/11/09 v1.22 LaTeX kernel commands for general use (HO)
)
\Gread@gobject=\count119
))
\Gin@req@height=\dimen123
\Gin@req@width=\dimen124
)
(/usr/share/texlive/texmf-dist/tex/latex/booktabs/booktabs.sty
Package: booktabs 2005/04/14 v1.61803 publication quality tables
\heavyrulewidth=\dimen125
\lightrulewidth=\dimen126
\cmidrulewidth=\dimen127
\belowrulesep=\dimen128
\belowbottomsep=\dimen129
\aboverulesep=\dimen130
\abovetopsep=\dimen131
\cmidrulesep=\dimen132
\cmidrulekern=\dimen133
\defaultaddspace=\dimen134
\@cmidla=\count120
\@cmidlb=\count121
\@aboverulesep=\dimen135
\@belowrulesep=\dimen136
\@thisruleclass=\count122
\@lastruleclass=\count123
\@thisrulewidth=\dimen137
)
(/usr/share/texlive/texmf-dist/tex/latex/multirow/multirow.sty
\bigstrutjot=\dimen138
) (./helland.aux)
\openout1 = `helland.aux'.

LaTeX Font Info:    Checking defaults for OML/cmm/m/it on input line 18.
LaTeX Font Info:    ... okay on input line 18.
LaTeX Font Info:    Checking defaults for T1/cmr/m/n on input line 18.
LaTeX Font Info:    ... okay on input line 18.
LaTeX Font Info:    Checking defaults for OT1/cmr/m/n on input line 18.
LaTeX Font Info:    ... okay on input line 18.
LaTeX Font Info:    Checking defaults for OMS/cmsy/m/n on input line 18.
LaTeX Font Info:    ... okay on input line 18.
LaTeX Font Info:    Checking defaults for OMX/cmex/m/n on input line 18.
LaTeX Font Info:    ... okay on input line 18.
LaTeX Font Info:    Checking defaults for U/cmr/m/n on input line 18.
LaTeX Font Info:    ... okay on input line 18.
(/usr/share/texlive/texmf-dist/tex/context/base/supp-pdf.mkii
[Loading MPS to PDF converter (version 2006.09.02).]
\scratchcounter=\count124
\scratchdimen=\dimen139
\scratchbox=\box30
\nofMPsegments=\count125
\nofMParguments=\count126
\everyMPshowfont=\toks21
\MPscratchCnt=\count127
\MPscratchDim=\dimen140
\MPnumerator=\count128
\makeMPintoPDFobject=\count129
\everyMPtoPDFconversion=\toks22
) (/usr/share/texlive/texmf-dist/tex/generic/oberdiek/pdftexcmds.sty
Package: pdftexcmds 2011/11/29 v0.20 Utility functions of pdfTeX for LuaTeX (HO
)

(/usr/share/texlive/texmf-dist/tex/generic/oberdiek/ifluatex.sty
Package: ifluatex 2010/03/01 v1.3 Provides the ifluatex switch (HO)
Package ifluatex Info: LuaTeX not detected.
)
(/usr/share/texlive/texmf-dist/tex/generic/oberdiek/ifpdf.sty
Package: ifpdf 2011/01/30 v2.3 Provides the ifpdf switch (HO)
Package ifpdf Info: pdfTeX in PDF mode is detected.
)
Package pdftexcmds Info: LuaTeX not detected.
Package pdftexcmds Info: \pdf@primitive is available.
Package pdftexcmds Info: \pdf@ifprimitive is available.
Package pdftexcmds Info: \pdfdraftmode found.
)
(/usr/share/texlive/texmf-dist/tex/latex/oberdiek/epstopdf-base.sty
Package: epstopdf-base 2010/02/09 v2.5 Base part for package epstopdf

(/usr/share/texlive/texmf-dist/tex/latex/oberdiek/grfext.sty
Package: grfext 2010/08/19 v1.1 Manage graphics extensions (HO)

(/usr/share/texlive/texmf-dist/tex/generic/oberdiek/kvdefinekeys.sty
Package: kvdefinekeys 2011/04/07 v1.3 Define keys (HO)
))
(/usr/share/texlive/texmf-dist/tex/latex/oberdiek/kvoptions.sty
Package: kvoptions 2011/06/30 v3.11 Key value format for package options (HO)

(/usr/share/texlive/texmf-dist/tex/generic/oberdiek/kvsetkeys.sty
Package: kvsetkeys 2012/04/25 v1.16 Key value parser (HO)

(/usr/share/texlive/texmf-dist/tex/generic/oberdiek/etexcmds.sty
Package: etexcmds 2011/02/16 v1.5 Avoid name clashes with e-TeX commands (HO)
Package etexcmds Info: Could not find \expanded.
(etexcmds)             That can mean that you are not using pdfTeX 1.50 or
(etexcmds)             that some package has redefined \expanded.
(etexcmds)             In the latter case, load this package earlier.
)))
Package grfext Info: Graphics extension search list:
(grfext)             [.png,.pdf,.jpg,.mps,.jpeg,.jbig2,.jb2,.PNG,.PDF,.JPG,.JPE
G,.JBIG2,.JB2,.eps]
(grfext)             \AppendGraphicsExtensions on input line 452.

(/usr/share/texlive/texmf-dist/tex/latex/latexconfig/epstopdf-sys.cfg
File: epstopdf-sys.cfg 2010/07/13 v1.3 Configuration of (r)epstopdf for TeX Liv
e
))
LaTeX Font Info:    Try loading font information for OMS+cmr on input line 36.

(/usr/share/texlive/texmf-dist/tex/latex/base/omscmr.fd
File: omscmr.fd 2014/09/29 v2.5h Standard LaTeX font definitions
)
LaTeX Font Info:    Font shape `OMS/cmr/m/n' in size <8> not available
(Font)              Font shape `OMS/cmsy/m/n' tried instead on input line 36.
LaTeX Font Info:    Try loading font information for U+msa on input line 36.

(/usr/share/texlive/texmf-dist/tex/latex/amsfonts/umsa.fd
File: umsa.fd 2013/01/14 v3.01 AMS symbols A
)
LaTeX Font Info:    Try loading font information for U+msb on input line 36.

(/usr/share/texlive/texmf-dist/tex/latex/amsfonts/umsb.fd
File: umsb.fd 2013/01/14 v3.01 AMS symbols B
)
Missing character: There is no â in font cmr8!
Missing character: There is no ˆ in font cmr8!
Missing character: There is no ’ in font cmr8!
 [1{/var/lib/texmf/fonts/map/pdftex/updmap/pdftex.map}

] [2]
Package epstopdf Info: Source file: <graph_white_expanding.eps>
(epstopdf)                    date: 2020-11-30 12:56:48
(epstopdf)                    size: 89123 bytes
(epstopdf)             Output file: <graph_white_expanding-eps-converted-to.pdf
>
(epstopdf)             Command: <repstopdf --outfile=graph_white_expanding-eps-
converted-to.pdf graph_white_expanding.eps>
(epstopdf)             \includegraphics on input line 152.
runsystem(repstopdf --outfile=graph_white_expanding-eps-converted-to.pdf graph_
white_expanding.eps)...executed safely (allowed).

Package epstopdf Info: Result file: <graph_white_expanding-eps-converted-to.pdf
>
(epstopdf)                    date: 2020-12-05 17:40:19
(epstopdf)                    size: 35728 bytes.


pdfTeX warning: pdflatex (file ./graph_white_expanding-eps-converted-to.pdf): P
DF inclusion: found PDF version <1.7>, but at most version <1.5> allowed

<graph_white_expanding-eps-converted-to.pdf, id=19, 603.25375pt x 603.25375pt>
File: graph_white_expanding-eps-converted-to.pdf Graphic file (type pdf)

<use graph_white_expanding-eps-converted-to.pdf>
Package pdftex.def Info: graph_white_expanding-eps-converted-to.pdf used on inp
ut line 152.
(pdftex.def)             Requested size: 151.76744pt x 151.76117pt.
 [3 <./graph_white_expanding-eps-converted-to.pdf>] [4]
Package epstopdf Info: Source file: <graph_white_hypothesis1.eps>
(epstopdf)                    date: 2020-11-30 12:57:13
(epstopdf)                    size: 101040 bytes
(epstopdf)             Output file: <graph_white_hypothesis1-eps-converted-to.p
df>
(epstopdf)             Command: <repstopdf --outfile=graph_white_hypothesis1-ep
s-converted-to.pdf graph_white_hypothesis1.eps>
(epstopdf)             \includegraphics on input line 216.
runsystem(repstopdf --outfile=graph_white_hypothesis1-eps-converted-to.pdf grap
h_white_hypothesis1.eps)...executed safely (allowed).

Package epstopdf Info: Result file: <graph_white_hypothesis1-eps-converted-to.p
df>
(epstopdf)                    date: 2020-12-05 17:40:19
(epstopdf)                    size: 45281 bytes.


pdfTeX warning: pdflatex (file ./graph_white_hypothesis1-eps-converted-to.pdf):
 PDF inclusion: found PDF version <1.7>, but at most version <1.5> allowed

<graph_white_hypothesis1-eps-converted-to.pdf, id=32, 603.25375pt x 603.25375pt
>
File: graph_white_hypothesis1-eps-converted-to.pdf Graphic file (type pdf)
 <use graph_white_hypothesis1-eps-converted-to.pdf>
Package pdftex.def Info: graph_white_hypothesis1-eps-converted-to.pdf used on i
nput line 216.
(pdftex.def)             Requested size: 289.07999pt x 289.07985pt.
Missing character: There is no Â in font cmr10!
Missing character: There is no   in font cmr10!
 [5 <./graph_white_hypothesis1-eps-converted-to.pdf>]
Package epstopdf Info: Source file: <graph_white_z.eps>
(epstopdf)                    date: 2020-11-30 12:58:38
(epstopdf)                    size: 65989 bytes
(epstopdf)             Output file: <graph_white_z-eps-converted-to.pdf>
(epstopdf)             Command: <repstopdf --outfile=graph_white_z-eps-converte
d-to.pdf graph_white_z.eps>
(epstopdf)             \includegraphics on input line 261.
runsystem(repstopdf --outfile=graph_white_z-eps-converted-to.pdf graph_white_z.
eps)...executed safely (allowed).

Package epstopdf Info: Result file: <graph_white_z-eps-converted-to.pdf>
(epstopdf)                    date: 2020-12-05 17:40:20
(epstopdf)                    size: 22849 bytes.


pdfTeX warning: pdflatex (file ./graph_white_z-eps-converted-to.pdf): PDF inclu
sion: found PDF version <1.7>, but at most version <1.5> allowed
<graph_white_z-eps-converted-to.pdf, id=39, 603.25375pt x 603.25375pt>
File: graph_white_z-eps-converted-to.pdf Graphic file (type pdf)

<use graph_white_z-eps-converted-to.pdf>
Package pdftex.def Info: graph_white_z-eps-converted-to.pdf used on input line 
261.
(pdftex.def)             Requested size: 144.54pt x 144.53532pt.
 [6] [7] [8] [9]
Package epstopdf Info: Source file: <experiment1.eps>
(epstopdf)                    date: 2020-11-30 12:56:12
(epstopdf)                    size: 26351 bytes
(epstopdf)             Output file: <experiment1-eps-converted-to.pdf>
(epstopdf)             Command: <repstopdf --outfile=experiment1-eps-converted-
to.pdf experiment1.eps>
(epstopdf)             \includegraphics on input line 423.
runsystem(repstopdf --outfile=experiment1-eps-converted-to.pdf experiment1.eps)
...executed safely (allowed).

Package epstopdf Info: Result file: <experiment1-eps-converted-to.pdf>
(epstopdf)                    date: 2020-12-05 17:40:20
(epstopdf)                    size: 12675 bytes.


pdfTeX warning: pdflatex (file ./experiment1-eps-converted-to.pdf): PDF inclusi
on: found PDF version <1.7>, but at most version <1.5> allowed
<experiment1-eps-converted-to.pdf, id=53, 703.62875pt x 154.5775pt>
File: experiment1-eps-converted-to.pdf Graphic file (type pdf)

<use experiment1-eps-converted-to.pdf>
Package pdftex.def Info: experiment1-eps-converted-to.pdf used on input line 42
3.
(pdftex.def)             Requested size: 361.34999pt x 79.38303pt.


LaTeX Warning: `h' float specifier changed to `ht'.

Package epstopdf Info: Source file: <graph_white_test2_2.eps>
(epstopdf)                    date: 2020-11-30 12:57:43
(epstopdf)                    size: 77080 bytes
(epstopdf)             Output file: <graph_white_test2_2-eps-converted-to.pdf>
(epstopdf)             Command: <repstopdf --outfile=graph_white_test2_2-eps-co
nverted-to.pdf graph_white_test2_2.eps>
(epstopdf)             \includegraphics on input line 492.
runsystem(repstopdf --outfile=graph_white_test2_2-eps-converted-to.pdf graph_wh
ite_test2_2.eps)...executed safely (allowed).

Package epstopdf Info: Result file: <graph_white_test2_2-eps-converted-to.pdf>
(epstopdf)                    date: 2020-12-05 17:40:20
(epstopdf)                    size: 29471 bytes.


pdfTeX warning: pdflatex (file ./graph_white_test2_2-eps-converted-to.pdf): PDF
 inclusion: found PDF version <1.7>, but at most version <1.5> allowed
<graph_white_test2_2-eps-converted-to.pdf, id=54, 603.25375pt x 603.25375pt>
File: graph_white_test2_2-eps-converted-to.pdf Graphic file (type pdf)

<use graph_white_test2_2-eps-converted-to.pdf>
Package pdftex.def Info: graph_white_test2_2-eps-converted-to.pdf used on input
 line 492.
(pdftex.def)             Requested size: 216.81pt x 216.80298pt.
Package epstopdf Info: Source file: <graph_white_test2_3.eps>
(epstopdf)                    date: 2020-11-30 12:59:43
(epstopdf)                    size: 81658 bytes
(epstopdf)             Output file: <graph_white_test2_3-eps-converted-to.pdf>
(epstopdf)             Command: <repstopdf --outfile=graph_white_test2_3-eps-co
nverted-to.pdf graph_white_test2_3.eps>
(epstopdf)             \includegraphics on input line 498.
runsystem(repstopdf --outfile=graph_white_test2_3-eps-converted-to.pdf graph_wh
ite_test2_3.eps)...executed safely (allowed).

Package epstopdf Info: Result file: <graph_white_test2_3-eps-converted-to.pdf>
(epstopdf)                    date: 2020-12-05 17:40:21
(epstopdf)                    size: 29896 bytes.


pdfTeX warning: pdflatex (file ./graph_white_test2_3-eps-converted-to.pdf): PDF
 inclusion: found PDF version <1.7>, but at most version <1.5> allowed
<graph_white_test2_3-eps-converted-to.pdf, id=55, 603.25375pt x 603.25375pt>
File: graph_white_test2_3-eps-converted-to.pdf Graphic file (type pdf)

<use graph_white_test2_3-eps-converted-to.pdf>
Package pdftex.def Info: graph_white_test2_3-eps-converted-to.pdf used on input
 line 498.
(pdftex.def)             Requested size: 216.81pt x 216.80298pt.
 [10]
Missing character: There is no â in font cmti9!
Missing character: There is no € in font cmti9!
Missing character: There is no œ in font cmti9!
 [11] [12 <./graph_white_z-eps-converted-to.pdf> <./experiment1-eps-converted-t
o.pdf>] [13] [14 <./graph_white_test2_2-eps-converted-to.pdf> <./graph_white_te
st2_3-eps-converted-to.pdf>] (./helland.aux) ) 
Here is how much of TeX's memory you used:
 2772 strings out of 494953
 36251 string characters out of 6180978
 101366 words of memory out of 5000000
 6011 multiletter control sequences out of 15000+600000
 10924 words of font info for 42 fonts, out of 8000000 for 9000
 14 hyphenation exceptions out of 8191
 38i,11n,26p,489b,266s stack positions out of 5000i,500n,10000p,200000b,80000s
</usr/share/texlive/texmf-dist/fo
nts/type1/public/amsfonts/cm/cmbx10.pfb></usr/share/texlive/texmf-dist/fonts/ty
pe1/public/amsfonts/cm/cmbx9.pfb></usr/share/texlive/texmf-dist/fonts/type1/pub
lic/amsfonts/cm/cmbxti10.pfb></usr/share/texlive/texmf-dist/fonts/type1/public/
amsfonts/cm/cmmi10.pfb></usr/share/texlive/texmf-dist/fonts/type1/public/amsfon
ts/cm/cmmi7.pfb></usr/share/texlive/texmf-dist/fonts/type1/public/amsfonts/cm/c
mmi8.pfb></usr/share/texlive/texmf-dist/fonts/type1/public/amsfonts/cm/cmr10.pf
b></usr/share/texlive/texmf-dist/fonts/type1/public/amsfonts/cm/cmr6.pfb></usr/
share/texlive/texmf-dist/fonts/type1/public/amsfonts/cm/cmr7.pfb></usr/share/te
xlive/texmf-dist/fonts/type1/public/amsfonts/cm/cmr8.pfb></usr/share/texlive/te
xmf-dist/fonts/type1/public/amsfonts/cm/cmr9.pfb></usr/share/texlive/texmf-dist
/fonts/type1/public/amsfonts/cm/cmsy10.pfb></usr/share/texlive/texmf-dist/fonts
/type1/public/amsfonts/cm/cmsy8.pfb></usr/share/texlive/texmf-dist/fonts/type1/
public/amsfonts/cm/cmti10.pfb></usr/share/texlive/texmf-dist/fonts/type1/public
/amsfonts/cm/cmti8.pfb></usr/share/texlive/texmf-dist/fonts/type1/public/amsfon
ts/cm/cmti9.pfb></usr/share/texlive/texmf-dist/fonts/type1/public/amsfonts/cm/c
mtt10.pfb>
Output written on helland.pdf (14 pages, 409351 bytes).
PDF statistics:
 142 PDF objects out of 1000 (max. 8388607)
 96 compressed objects within 1 object stream
 0 named destinations out of 1000 (max. 500000)
 31 words of extra memory for PDF output out of 10000 (max. 10000000)

